# JRE version: OpenJDK Runtime Environment (8.0_242-b01) (build 1.8.0_242-release-1644-b01)
# Java VM: OpenJDK 64-Bit Server VM (25.242-b01 mixed mode windows-amd64 compressed oops)
Heap:
 PSYoungGen      total 125440K, used 38301K [0x00000000d5580000, 0x00000000de900000, 0x0000000100000000)
  eden space 110080K, 34% used [0x00000000d5580000,0x00000000d7ae7420,0x00000000dc100000)
  from space 15360K, 0% used [0x00000000dd000000,0x00000000dd000000,0x00000000ddf00000)
  to   space 15360K, 0% used [0x00000000dc100000,0x00000000dc100000,0x00000000dd000000)
 ParOldGen       total 39936K, used 28000K [0x0000000080000000, 0x0000000082700000, 0x00000000d5580000)
  object space 39936K, 70% used [0x0000000080000000,0x0000000081b583a8,0x0000000082700000)
 Metaspace       used 58833K, capacity 60998K, committed 61096K, reserved 1101824K
  class space    used 8093K, capacity 8596K, committed 8616K, reserved 1048576K
GC Heap History (10 events):
Event: 48.942 GC heap before
{Heap before GC invocations=17 (full 2):
 PSYoungGen      total 88064K, used 78848K [0x00000000d5580000, 0x00000000dc680000, 0x0000000100000000)
  eden space 78848K, 100% used [0x00000000d5580000,0x00000000da280000,0x00000000da280000)
  from space 9216K, 0% used [0x00000000dab00000,0x00000000dab00000,0x00000000db400000)
  to   space 8704K, 0% used [0x00000000da280000,0x00000000da280000,0x00000000dab00000)
 ParOldGen       total 39936K, used 15552K [0x0000000080000000, 0x0000000082700000, 0x00000000d5580000)
  object space 39936K, 38% used [0x0000000080000000,0x0000000080f30280,0x0000000082700000)
 Metaspace       used 41268K, capacity 42578K, committed 42792K, reserved 1085440K
  class space    used 5602K, capacity 5893K, committed 5928K, reserved 1048576K
Event: 48.972 GC heap after
Heap after GC invocations=17 (full 2):
 PSYoungGen      total 87552K, used 8692K [0x00000000d5580000, 0x00000000dc800000, 0x0000000100000000)
  eden space 78848K, 0% used [0x00000000d5580000,0x00000000d5580000,0x00000000da280000)
  from space 8704K, 99% used [0x00000000da280000,0x00000000daafd098,0x00000000dab00000)
  to   space 10240K, 0% used [0x00000000dbe00000,0x00000000dbe00000,0x00000000dc800000)
 ParOldGen       total 39936K, used 16264K [0x0000000080000000, 0x0000000082700000, 0x00000000d5580000)
  object space 39936K, 40% used [0x0000000080000000,0x0000000080fe2110,0x0000000082700000)
 Metaspace       used 41268K, capacity 42578K, committed 42792K, reserved 1085440K
  class space    used 5602K, capacity 5893K, committed 5928K, reserved 1048576K
}
Event: 55.721 GC heap before
{Heap before GC invocations=18 (full 2):
 PSYoungGen      total 87552K, used 87540K [0x00000000d5580000, 0x00000000dc800000, 0x0000000100000000)
  eden space 78848K, 100% used [0x00000000d5580000,0x00000000da280000,0x00000000da280000)
  from space 8704K, 99% used [0x00000000da280000,0x00000000daafd098,0x00000000dab00000)
  to   space 10240K, 0% used [0x00000000dbe00000,0x00000000dbe00000,0x00000000dc800000)
 ParOldGen       total 39936K, used 16264K [0x0000000080000000, 0x0000000082700000, 0x00000000d5580000)
  object space 39936K, 40% used [0x0000000080000000,0x0000000080fe2110,0x0000000082700000)
 Metaspace       used 49041K, capacity 50548K, committed 50728K, reserved 1093632K
  class space    used 6541K, capacity 6896K, committed 6952K, reserved 1048576K
Event: 55.767 GC heap after
Heap after GC invocations=18 (full 2):
 PSYoungGen      total 105472K, used 10194K [0x00000000d5580000, 0x00000000dca80000, 0x0000000100000000)
  eden space 95232K, 0% used [0x00000000d5580000,0x00000000d5580000,0x00000000db280000)
  from space 10240K, 99% used [0x00000000dbe00000,0x00000000dc7f49c8,0x00000000dc800000)
  to   space 11776K, 0% used [0x00000000db280000,0x00000000db280000,0x00000000dbe00000)
 ParOldGen       total 39936K, used 20894K [0x0000000080000000, 0x0000000082700000, 0x00000000d5580000)
  object space 39936K, 52% used [0x0000000080000000,0x0000000081467a00,0x0000000082700000)
 Metaspace       used 49041K, capacity 50548K, committed 50728K, reserved 1093632K
  class space    used 6541K, capacity 6896K, committed 6952K, reserved 1048576K
}
Event: 61.283 GC heap before
{Heap before GC invocations=19 (full 2):
 PSYoungGen      total 105472K, used 105426K [0x00000000d5580000, 0x00000000dca80000, 0x0000000100000000)
  eden space 95232K, 100% used [0x00000000d5580000,0x00000000db280000,0x00000000db280000)
  from space 10240K, 99% used [0x00000000dbe00000,0x00000000dc7f49c8,0x00000000dc800000)
  to   space 11776K, 0% used [0x00000000db280000,0x00000000db280000,0x00000000dbe00000)
 ParOldGen       total 39936K, used 20894K [0x0000000080000000, 0x0000000082700000, 0x00000000d5580000)
  object space 39936K, 52% used [0x0000000080000000,0x0000000081467a00,0x0000000082700000)
 Metaspace       used 56286K, capacity 58282K, committed 58408K, reserved 1099776K
  class space    used 7716K, capacity 8176K, committed 8232K, reserved 1048576K
Event: 61.345 GC heap after
Heap after GC invocations=19 (full 2):
 PSYoungGen      total 107008K, used 11765K [0x00000000d5580000, 0x00000000ddf00000, 0x0000000100000000)
  eden space 95232K, 0% used [0x00000000d5580000,0x00000000d5580000,0x00000000db280000)
  from space 11776K, 99% used [0x00000000db280000,0x00000000dbdfd580,0x00000000dbe00000)
  to   space 15360K, 0% used [0x00000000dd000000,0x00000000dd000000,0x00000000ddf00000)
 ParOldGen       total 39936K, used 25165K [0x0000000080000000, 0x0000000082700000, 0x00000000d5580000)
  object space 39936K, 63% used [0x0000000080000000,0x00000000818936c8,0x0000000082700000)
 Metaspace       used 56286K, capacity 58282K, committed 58408K, reserved 1099776K
  class space    used 7716K, capacity 8176K, committed 8232K, reserved 1048576K
}
Event: 61.892 GC heap before
{Heap before GC invocations=20 (full 2):
 PSYoungGen      total 107008K, used 20935K [0x00000000d5580000, 0x00000000ddf00000, 0x0000000100000000)
  eden space 95232K, 9% used [0x00000000d5580000,0x00000000d5e749e8,0x00000000db280000)
  from space 11776K, 99% used [0x00000000db280000,0x00000000dbdfd580,0x00000000dbe00000)
  to   space 15360K, 0% used [0x00000000dd000000,0x00000000dd000000,0x00000000ddf00000)
 ParOldGen       total 39936K, used 25165K [0x0000000080000000, 0x0000000082700000, 0x00000000d5580000)
  object space 39936K, 63% used [0x0000000080000000,0x00000000818936c8,0x0000000082700000)
 Metaspace       used 57013K, capacity 59044K, committed 59160K, reserved 1099776K
  class space    used 7809K, capacity 8277K, committed 8360K, reserved 1048576K
Event: 61.940 GC heap after
Heap after GC invocations=20 (full 2):
 PSYoungGen      total 125440K, used 1069K [0x00000000d5580000, 0x00000000de900000, 0x0000000100000000)
  eden space 110080K, 0% used [0x00000000d5580000,0x00000000d5580000,0x00000000dc100000)
  from space 15360K, 6% used [0x00000000dd000000,0x00000000dd10b5f0,0x00000000ddf00000)
  to   space 15360K, 0% used [0x00000000dc100000,0x00000000dc100000,0x00000000dd000000)
 ParOldGen       total 39936K, used 35523K [0x0000000080000000, 0x0000000082700000, 0x00000000d5580000)
  object space 39936K, 88% used [0x0000000080000000,0x00000000822b0fc8,0x0000000082700000)
 Metaspace       used 57013K, capacity 59044K, committed 59160K, reserved 1099776K
  class space    used 7809K, capacity 8277K, committed 8360K, reserved 1048576K
}
Event: 61.940 GC heap before
{Heap before GC invocations=21 (full 3):
 PSYoungGen      total 125440K, used 1069K [0x00000000d5580000, 0x00000000de900000, 0x0000000100000000)
  eden space 110080K, 0% used [0x00000000d5580000,0x00000000d5580000,0x00000000dc100000)
  from space 15360K, 6% used [0x00000000dd000000,0x00000000dd10b5f0,0x00000000ddf00000)
  to   space 15360K, 0% used [0x00000000dc100000,0x00000000dc100000,0x00000000dd000000)
 ParOldGen       total 39936K, used 35523K [0x0000000080000000, 0x0000000082700000, 0x00000000d5580000)
  object space 39936K, 88% used [0x0000000080000000,0x00000000822b0fc8,0x0000000082700000)
 Metaspace       used 57013K, capacity 59044K, committed 59160K, reserved 1099776K
  class space    used 7809K, capacity 8277K, committed 8360K, reserved 1048576K
Event: 62.830 GC heap after
Heap after GC invocations=21 (full 3):
 PSYoungGen      total 125440K, used 0K [0x00000000d5580000, 0x00000000de900000, 0x0000000100000000)
  eden space 110080K, 0% used [0x00000000d5580000,0x00000000d5580000,0x00000000dc100000)
  from space 15360K, 0% used [0x00000000dd000000,0x00000000dd000000,0x00000000ddf00000)
  to   space 15360K, 0% used [0x00000000dc100000,0x00000000dc100000,0x00000000dd000000)
 ParOldGen       total 39936K, used 28000K [0x0000000080000000, 0x0000000082700000, 0x00000000d5580000)
  object space 39936K, 70% used [0x0000000080000000,0x0000000081b583a8,0x0000000082700000)
 Metaspace       used 57004K, capacity 59014K, committed 59160K, reserved 1099776K
  class space    used 7806K, capacity 8272K, committed 8360K, reserved 1048576K
}

