# JRE version: OpenJDK Runtime Environment (8.0_242-b01) (build 1.8.0_242-release-1644-b01)
# Java VM: OpenJDK 64-Bit Server VM (25.242-b01 mixed mode windows-amd64 compressed oops)
Heap:
 PSYoungGen      total 154112K, used 144922K [0x00000000d5580000, 0x00000000dfe00000, 0x0000000100000000)
  eden space 138752K, 95% used [0x00000000d5580000,0x00000000dd708c50,0x00000000ddd00000)
  from space 15360K, 79% used [0x00000000ded80000,0x00000000df97dc68,0x00000000dfc80000)
  to   space 16896K, 0% used [0x00000000ddd00000,0x00000000ddd00000,0x00000000ded80000)
 ParOldGen       total 49152K, used 36535K [0x0000000080000000, 0x0000000083000000, 0x00000000d5580000)
  object space 49152K, 74% used [0x0000000080000000,0x00000000823adfe8,0x0000000083000000)
 Metaspace       used 68334K, capacity 71327K, committed 71592K, reserved 1132544K
  class space    used 9216K, capacity 9839K, committed 9896K, reserved 1048576K
GC Heap History (10 events):
Event: 48.282 GC heap before
{Heap before GC invocations=25 (full 2):
 PSYoungGen      total 91136K, used 91135K [0x00000000d5580000, 0x00000000db800000, 0x0000000100000000)
  eden space 84992K, 100% used [0x00000000d5580000,0x00000000da880000,0x00000000da880000)
  from space 6144K, 99% used [0x00000000db000000,0x00000000db5fff20,0x00000000db600000)
  to   space 7680K, 0% used [0x00000000da880000,0x00000000da880000,0x00000000db000000)
 ParOldGen       total 29696K, used 15862K [0x0000000080000000, 0x0000000081d00000, 0x00000000d5580000)
  object space 29696K, 53% used [0x0000000080000000,0x0000000080f7dbd8,0x0000000081d00000)
 Metaspace       used 46664K, capacity 48170K, committed 48424K, reserved 1091584K
  class space    used 6289K, capacity 6657K, committed 6696K, reserved 1048576K
Event: 48.341 GC heap after
Heap after GC invocations=25 (full 2):
 PSYoungGen      total 92672K, used 7668K [0x00000000d5580000, 0x00000000dde00000, 0x0000000100000000)
  eden space 84992K, 0% used [0x00000000d5580000,0x00000000d5580000,0x00000000da880000)
  from space 7680K, 99% used [0x00000000da880000,0x00000000daffd3b0,0x00000000db000000)
  to   space 11776K, 0% used [0x00000000dd280000,0x00000000dd280000,0x00000000dde00000)
 ParOldGen       total 29696K, used 23951K [0x0000000080000000, 0x0000000081d00000, 0x00000000d5580000)
  object space 29696K, 80% used [0x0000000080000000,0x0000000081763cb0,0x0000000081d00000)
 Metaspace       used 46664K, capacity 48170K, committed 48424K, reserved 1091584K
  class space    used 6289K, capacity 6657K, committed 6696K, reserved 1048576K
}
Event: 58.305 GC heap before
{Heap before GC invocations=26 (full 2):
 PSYoungGen      total 92672K, used 92660K [0x00000000d5580000, 0x00000000dde00000, 0x0000000100000000)
  eden space 84992K, 100% used [0x00000000d5580000,0x00000000da880000,0x00000000da880000)
  from space 7680K, 99% used [0x00000000da880000,0x00000000daffd3b0,0x00000000db000000)
  to   space 11776K, 0% used [0x00000000dd280000,0x00000000dd280000,0x00000000dde00000)
 ParOldGen       total 29696K, used 23951K [0x0000000080000000, 0x0000000081d00000, 0x00000000d5580000)
  object space 29696K, 80% used [0x0000000080000000,0x0000000081763cb0,0x0000000081d00000)
 Metaspace       used 54316K, capacity 56288K, committed 56488K, reserved 1097728K
  class space    used 7388K, capacity 7817K, committed 7848K, reserved 1048576K
Event: 58.752 GC heap after
Heap after GC invocations=26 (full 2):
 PSYoungGen      total 126464K, used 10369K [0x00000000d5580000, 0x00000000de000000, 0x0000000100000000)
  eden space 114688K, 0% used [0x00000000d5580000,0x00000000d5580000,0x00000000dc580000)
  from space 11776K, 88% used [0x00000000dd280000,0x00000000ddca0558,0x00000000dde00000)
  to   space 13312K, 0% used [0x00000000dc580000,0x00000000dc580000,0x00000000dd280000)
 ParOldGen       total 29696K, used 28738K [0x0000000080000000, 0x0000000081d00000, 0x00000000d5580000)
  object space 29696K, 96% used [0x0000000080000000,0x0000000081c10a80,0x0000000081d00000)
 Metaspace       used 54316K, capacity 56288K, committed 56488K, reserved 1097728K
  class space    used 7388K, capacity 7817K, committed 7848K, reserved 1048576K
}
Event: 58.752 GC heap before
{Heap before GC invocations=27 (full 3):
 PSYoungGen      total 126464K, used 10369K [0x00000000d5580000, 0x00000000de000000, 0x0000000100000000)
  eden space 114688K, 0% used [0x00000000d5580000,0x00000000d5580000,0x00000000dc580000)
  from space 11776K, 88% used [0x00000000dd280000,0x00000000ddca0558,0x00000000dde00000)
  to   space 13312K, 0% used [0x00000000dc580000,0x00000000dc580000,0x00000000dd280000)
 ParOldGen       total 29696K, used 28738K [0x0000000080000000, 0x0000000081d00000, 0x00000000d5580000)
  object space 29696K, 96% used [0x0000000080000000,0x0000000081c10a80,0x0000000081d00000)
 Metaspace       used 54316K, capacity 56288K, committed 56488K, reserved 1097728K
  class space    used 7388K, capacity 7817K, committed 7848K, reserved 1048576K
Event: 60.486 GC heap after
Heap after GC invocations=27 (full 3):
 PSYoungGen      total 126464K, used 1587K [0x00000000d5580000, 0x00000000de000000, 0x0000000100000000)
  eden space 114688K, 0% used [0x00000000d5580000,0x00000000d5580000,0x00000000dc580000)
  from space 11776K, 13% used [0x00000000dd280000,0x00000000dd40cf10,0x00000000dde00000)
  to   space 13312K, 0% used [0x00000000dc580000,0x00000000dc580000,0x00000000dd280000)
 ParOldGen       total 49152K, used 29537K [0x0000000080000000, 0x0000000083000000, 0x00000000d5580000)
  object space 49152K, 60% used [0x0000000080000000,0x0000000081cd8530,0x0000000083000000)
 Metaspace       used 54298K, capacity 56228K, committed 56488K, reserved 1097728K
  class space    used 7382K, capacity 7807K, committed 7848K, reserved 1048576K
}
Event: 89.442 GC heap before
{Heap before GC invocations=28 (full 3):
 PSYoungGen      total 126464K, used 116275K [0x00000000d5580000, 0x00000000de000000, 0x0000000100000000)
  eden space 114688K, 100% used [0x00000000d5580000,0x00000000dc580000,0x00000000dc580000)
  from space 11776K, 13% used [0x00000000dd280000,0x00000000dd40cf10,0x00000000dde00000)
  to   space 13312K, 0% used [0x00000000dc580000,0x00000000dc580000,0x00000000dd280000)
 ParOldGen       total 49152K, used 29537K [0x0000000080000000, 0x0000000083000000, 0x00000000d5580000)
  object space 49152K, 60% used [0x0000000080000000,0x0000000081cd8530,0x0000000083000000)
 Metaspace       used 61108K, capacity 63780K, committed 64040K, reserved 1103872K
  class space    used 8401K, capacity 8945K, committed 9000K, reserved 1048576K
Event: 89.903 GC heap after
Heap after GC invocations=28 (full 3):
 PSYoungGen      total 128000K, used 12115K [0x00000000d5580000, 0x00000000dfc80000, 0x0000000100000000)
  eden space 114688K, 0% used [0x00000000d5580000,0x00000000d5580000,0x00000000dc580000)
  from space 13312K, 91% used [0x00000000dc580000,0x00000000dd154cb8,0x00000000dd280000)
  to   space 15360K, 0% used [0x00000000ded80000,0x00000000ded80000,0x00000000dfc80000)
 ParOldGen       total 49152K, used 30169K [0x0000000080000000, 0x0000000083000000, 0x00000000d5580000)
  object space 49152K, 61% used [0x0000000080000000,0x0000000081d76680,0x0000000083000000)
 Metaspace       used 61108K, capacity 63780K, committed 64040K, reserved 1103872K
  class space    used 8401K, capacity 8945K, committed 9000K, reserved 1048576K
}
Event: 110.495 GC heap before
{Heap before GC invocations=29 (full 3):
 PSYoungGen      total 128000K, used 126803K [0x00000000d5580000, 0x00000000dfc80000, 0x0000000100000000)
  eden space 114688K, 100% used [0x00000000d5580000,0x00000000dc580000,0x00000000dc580000)
  from space 13312K, 91% used [0x00000000dc580000,0x00000000dd154cb8,0x00000000dd280000)
  to   space 15360K, 0% used [0x00000000ded80000,0x00000000ded80000,0x00000000dfc80000)
 ParOldGen       total 49152K, used 30169K [0x0000000080000000, 0x0000000083000000, 0x00000000d5580000)
  object space 49152K, 61% used [0x0000000080000000,0x0000000081d76680,0x0000000083000000)
 Metaspace       used 63997K, capacity 66864K, committed 66984K, reserved 1107968K
  class space    used 8729K, capacity 9309K, committed 9384K, reserved 1048576K
Event: 110.869 GC heap after
Heap after GC invocations=29 (full 3):
 PSYoungGen      total 154112K, used 12279K [0x00000000d5580000, 0x00000000dfe00000, 0x0000000100000000)
  eden space 138752K, 0% used [0x00000000d5580000,0x00000000d5580000,0x00000000ddd00000)
  from space 15360K, 79% used [0x00000000ded80000,0x00000000df97dc68,0x00000000dfc80000)
  to   space 16896K, 0% used [0x00000000ddd00000,0x00000000ddd00000,0x00000000ded80000)
 ParOldGen       total 49152K, used 36535K [0x0000000080000000, 0x0000000083000000, 0x00000000d5580000)
  object space 49152K, 74% used [0x0000000080000000,0x00000000823adfe8,0x0000000083000000)
 Metaspace       used 63997K, capacity 66864K, committed 66984K, reserved 1107968K
  class space    used 8729K, capacity 9309K, committed 9384K, reserved 1048576K
}

